Build started 13/01/2017 11:01:15.
     1>Project "C:\Users\Vitor\Desktop\Doutoramento\1st_semester\Heuristics\2.dev2ndwork\heuristics2\metaheuristic_vitor\metaheuristic\metaheuristic.vcxproj" on node 2 (build target(s)).
     1>InitializeBuildStatus:
         Creating "Debug\metaheuristic.unsuccessfulbuild" because "AlwaysCreate" was specified.
       ClCompile:
         All outputs are up-to-date.
         C:\Program Files (x86)\Microsoft Visual Studio 10.0\VC\bin\CL.exe /c /ZI /nologo /W3 /WX- /Od /Oy- /D WIN32 /D _DEBUG /D _CONSOLE /D _UNICODE /D UNICODE /Gm /EHsc /RTC1 /MDd /GS /fp:precise /Zc:wchar_t /Zc:forScope /Yu"StdAfx.h" /Fp"Debug\metaheuristic.pch" /Fo"Debug\\" /Fd"Debug\vc100.pdb" /Gd /TP /analyze- /errorReport:prompt metaheuristic_class.cpp
         metaheuristic_class.cpp
     1>c:\users\vitor\desktop\doutoramento\1st_semester\heuristics\2.dev2ndwork\heuristics2\metaheuristic_vitor\metaheuristic\metaheuristic_class.cpp(41): warning C4018: '>=' : signed/unsigned mismatch
     1>c:\users\vitor\desktop\doutoramento\1st_semester\heuristics\2.dev2ndwork\heuristics2\metaheuristic_vitor\metaheuristic\metaheuristic_class.cpp(41): warning C4018: '>=' : signed/unsigned mismatch
       ManifestResourceCompile:
         All outputs are up-to-date.
       Link:
         C:\Program Files (x86)\Microsoft Visual Studio 10.0\VC\bin\link.exe /ERRORREPORT:PROMPT /OUT:"C:\Users\Vitor\Desktop\Doutoramento\1st_semester\Heuristics\2.dev2ndwork\heuristics2\metaheuristic_vitor\Debug\metaheuristic.exe" /INCREMENTAL /NOLOGO kernel32.lib user32.lib gdi32.lib winspool.lib comdlg32.lib advapi32.lib shell32.lib ole32.lib oleaut32.lib uuid.lib odbc32.lib odbccp32.lib /MANIFEST /ManifestFile:"Debug\metaheuristic.exe.intermediate.manifest" /MANIFESTUAC:"level='asInvoker' uiAccess='false'" /DEBUG /PDB:"C:\Users\Vitor\Desktop\Doutoramento\1st_semester\Heuristics\2.dev2ndwork\heuristics2\metaheuristic_vitor\Debug\metaheuristic.pdb" /SUBSYSTEM:CONSOLE /TLBID:1 /DYNAMICBASE /NXCOMPAT /IMPLIB:"C:\Users\Vitor\Desktop\Doutoramento\1st_semester\Heuristics\2.dev2ndwork\heuristics2\metaheuristic_vitor\Debug\metaheuristic.lib" /MACHINE:X86 Debug\metaheuristic.exe.embed.manifest.res
         Debug\metaheuristic.obj
         Debug\metaheuristic_class.obj
         Debug\stdafx.obj
       Manifest:
         C:\Program Files (x86)\Microsoft SDKs\Windows\v7.0A\bin\mt.exe /nologo /verbose /out:"Debug\metaheuristic.exe.embed.manifest" /manifest Debug\metaheuristic.exe.intermediate.manifest
         All outputs are up-to-date.
       LinkEmbedManifest:
         All outputs are up-to-date.
         metaheuristic.vcxproj -> C:\Users\Vitor\Desktop\Doutoramento\1st_semester\Heuristics\2.dev2ndwork\heuristics2\metaheuristic_vitor\Debug\metaheuristic.exe
       FinalizeBuildStatus:
         Deleting file "Debug\metaheuristic.unsuccessfulbuild".
         Touching "Debug\metaheuristic.lastbuildstate".
     1>Done Building Project "C:\Users\Vitor\Desktop\Doutoramento\1st_semester\Heuristics\2.dev2ndwork\heuristics2\metaheuristic_vitor\metaheuristic\metaheuristic.vcxproj" (build target(s)).

Build succeeded.

Time Elapsed 00:00:01.57
