Build started 04/01/2017 22:27:23.
     1>Project "C:\Users\Vitor\Desktop\Doutoramento\1st_semester\Heuristics\2.dev2ndwork\heuristics2\heuristic_vitor\heuristic_vitor\heuristic_vitor.vcxproj" on node 2 (build target(s)).
     1>InitializeBuildStatus:
         Creating "Debug\heuristic_vitor.unsuccessfulbuild" because "AlwaysCreate" was specified.
       ClCompile:
         All outputs are up-to-date.
         C:\Program Files (x86)\Microsoft Visual Studio 10.0\VC\bin\CL.exe /c /ZI /nologo /W3 /WX- /Od /Oy- /D WIN32 /D _DEBUG /D _CONSOLE /D _UNICODE /D UNICODE /Gm /EHsc /RTC1 /MDd /GS /fp:precise /Zc:wchar_t /Zc:forScope /Yu"StdAfx.h" /Fp"Debug\heuristic_vitor.pch" /Fo"Debug\\" /Fd"Debug\vc100.pdb" /Gd /TP /analyze- /errorReport:prompt heuristic_class.cpp
         heuristic_class.cpp
     1>c:\users\vitor\desktop\doutoramento\1st_semester\heuristics\2.dev2ndwork\heuristics2\heuristic_vitor\heuristic_vitor\heuristic_class.cpp(89): warning C4101: 'time_elem' : unreferenced local variable
       ManifestResourceCompile:
         All outputs are up-to-date.
       Link:
         C:\Program Files (x86)\Microsoft Visual Studio 10.0\VC\bin\link.exe /ERRORREPORT:PROMPT /OUT:"C:\Users\Vitor\Desktop\Doutoramento\1st_semester\Heuristics\2.dev2ndwork\heuristics2\heuristic_vitor\Debug\heuristic_vitor.exe" /INCREMENTAL /NOLOGO kernel32.lib user32.lib gdi32.lib winspool.lib comdlg32.lib advapi32.lib shell32.lib ole32.lib oleaut32.lib uuid.lib odbc32.lib odbccp32.lib /MANIFEST /ManifestFile:"Debug\heuristic_vitor.exe.intermediate.manifest" /MANIFESTUAC:"level='asInvoker' uiAccess='false'" /DEBUG /PDB:"C:\Users\Vitor\Desktop\Doutoramento\1st_semester\Heuristics\2.dev2ndwork\heuristics2\heuristic_vitor\Debug\heuristic_vitor.pdb" /SUBSYSTEM:CONSOLE /TLBID:1 /DYNAMICBASE /NXCOMPAT /IMPLIB:"C:\Users\Vitor\Desktop\Doutoramento\1st_semester\Heuristics\2.dev2ndwork\heuristics2\heuristic_vitor\Debug\heuristic_vitor.lib" /MACHINE:X86 Debug\heuristic_vitor.exe.embed.manifest.res
         Debug\heuristic_class.obj
         Debug\heuristic_vitor.obj
         Debug\stdafx.obj
       Manifest:
         C:\Program Files (x86)\Microsoft SDKs\Windows\v7.0A\bin\mt.exe /nologo /verbose /out:"Debug\heuristic_vitor.exe.embed.manifest" /manifest Debug\heuristic_vitor.exe.intermediate.manifest
         All outputs are up-to-date.
       LinkEmbedManifest:
         All outputs are up-to-date.
         heuristic_vitor.vcxproj -> C:\Users\Vitor\Desktop\Doutoramento\1st_semester\Heuristics\2.dev2ndwork\heuristics2\heuristic_vitor\Debug\heuristic_vitor.exe
       FinalizeBuildStatus:
         Deleting file "Debug\heuristic_vitor.unsuccessfulbuild".
         Touching "Debug\heuristic_vitor.lastbuildstate".
     1>Done Building Project "C:\Users\Vitor\Desktop\Doutoramento\1st_semester\Heuristics\2.dev2ndwork\heuristics2\heuristic_vitor\heuristic_vitor\heuristic_vitor.vcxproj" (build target(s)).

Build succeeded.

Time Elapsed 00:00:02.41
